Determining if the pthread_create exist failed with the following output:
Change Dir: /home/wth/test/build/CMakeFiles/CMakeTmp

Run Build Command:"/usr/bin/make" "cmTC_73e13/fast"
/usr/bin/make -f CMakeFiles/cmTC_73e13.dir/build.make CMakeFiles/cmTC_73e13.dir/build
make[1]: Entering directory '/home/wth/test/build/CMakeFiles/CMakeTmp'
Building C object CMakeFiles/cmTC_73e13.dir/CheckSymbolExists.c.o
/usr/bin/cc    -o CMakeFiles/cmTC_73e13.dir/CheckSymbolExists.c.o   -c /home/wth/test/build/CMakeFiles/CMakeTmp/CheckSymbolExists.c
Linking C executable cmTC_73e13
/usr/bin/cmake -E cmake_link_script CMakeFiles/cmTC_73e13.dir/link.txt --verbose=1
/usr/bin/cc      -rdynamic CMakeFiles/cmTC_73e13.dir/CheckSymbolExists.c.o  -o cmTC_73e13 
CMakeFiles/cmTC_73e13.dir/CheckSymbolExists.c.o: In function `main':
CheckSymbolExists.c:(.text+0x1b): undefined reference to `pthread_create'
collect2: error: ld returned 1 exit status
CMakeFiles/cmTC_73e13.dir/build.make:97: recipe for target 'cmTC_73e13' failed
make[1]: *** [cmTC_73e13] Error 1
make[1]: Leaving directory '/home/wth/test/build/CMakeFiles/CMakeTmp'
Makefile:126: recipe for target 'cmTC_73e13/fast' failed
make: *** [cmTC_73e13/fast] Error 2

File /home/wth/test/build/CMakeFiles/CMakeTmp/CheckSymbolExists.c:
/* */
#include <pthread.h>

int main(int argc, char** argv)
{
  (void)argv;
#ifndef pthread_create
  return ((int*)(&pthread_create))[argc];
#else
  (void)argc;
  return 0;
#endif
}

Determining if the function pthread_create exists in the pthreads failed with the following output:
Change Dir: /home/wth/test/build/CMakeFiles/CMakeTmp

Run Build Command:"/usr/bin/make" "cmTC_de962/fast"
/usr/bin/make -f CMakeFiles/cmTC_de962.dir/build.make CMakeFiles/cmTC_de962.dir/build
make[1]: Entering directory '/home/wth/test/build/CMakeFiles/CMakeTmp'
Building C object CMakeFiles/cmTC_de962.dir/CheckFunctionExists.c.o
/usr/bin/cc   -DCHECK_FUNCTION_EXISTS=pthread_create   -o CMakeFiles/cmTC_de962.dir/CheckFunctionExists.c.o   -c /usr/share/cmake-3.10/Modules/CheckFunctionExists.c
Linking C executable cmTC_de962
/usr/bin/cmake -E cmake_link_script CMakeFiles/cmTC_de962.dir/link.txt --verbose=1
/usr/bin/cc  -DCHECK_FUNCTION_EXISTS=pthread_create    -rdynamic CMakeFiles/cmTC_de962.dir/CheckFunctionExists.c.o  -o cmTC_de962 -lpthreads 
/usr/bin/ld: cannot find -lpthreads
collect2: error: ld returned 1 exit status
CMakeFiles/cmTC_de962.dir/build.make:97: recipe for target 'cmTC_de962' failed
make[1]: *** [cmTC_de962] Error 1
make[1]: Leaving directory '/home/wth/test/build/CMakeFiles/CMakeTmp'
Makefile:126: recipe for target 'cmTC_de962/fast' failed
make: *** [cmTC_de962/fast] Error 2


